0 info it worked if it ends with ok
1 verbose cli [ '/usr/bin/nodejs',
1 verbose cli   '/usr/bin/npm',
1 verbose cli   'install',
1 verbose cli   '-g',
1 verbose cli   'supervisor' ]
2 info using npm@1.3.10
3 info using node@v0.10.25
4 verbose cache add [ 'supervisor', null ]
5 verbose cache add name=undefined spec="supervisor" args=["supervisor",null]
6 verbose parsed url { protocol: null,
6 verbose parsed url   slashes: null,
6 verbose parsed url   auth: null,
6 verbose parsed url   host: null,
6 verbose parsed url   port: null,
6 verbose parsed url   hostname: null,
6 verbose parsed url   hash: null,
6 verbose parsed url   search: null,
6 verbose parsed url   query: null,
6 verbose parsed url   pathname: 'supervisor',
6 verbose parsed url   path: 'supervisor',
6 verbose parsed url   href: 'supervisor' }
7 silly lockFile 0f4d09e4-supervisor supervisor
8 verbose lock supervisor /home/gladysyang/.npm/0f4d09e4-supervisor.lock
9 silly lockFile 0f4d09e4-supervisor supervisor
10 silly lockFile 0f4d09e4-supervisor supervisor
11 verbose addNamed [ 'supervisor', '' ]
12 verbose addNamed [ null, '*' ]
13 silly lockFile b28163ae-supervisor supervisor@
14 verbose lock supervisor@ /home/gladysyang/.npm/b28163ae-supervisor.lock
15 silly addNameRange { name: 'supervisor', range: '*', hasData: false }
16 verbose url raw supervisor
17 verbose url resolving [ 'https://registry.npm.taobao.org/', './supervisor' ]
18 verbose url resolved https://registry.npm.taobao.org/supervisor
19 info trying registry request attempt 1 at 15:15:06
20 http GET https://registry.npm.taobao.org/supervisor
21 http 200 https://registry.npm.taobao.org/supervisor
22 silly registry.get cb [ 200,
22 silly registry.get   { date: 'Wed, 26 Oct 2016 07:15:06 GMT',
22 silly registry.get     'content-type': 'application/json; charset=utf-8',
22 silly registry.get     'content-length': '71370',
22 silly registry.get     connection: 'keep-alive',
22 silly registry.get     'x-current-requests': '1',
22 silly registry.get     etag: '"116ca-ytvV0NApGpYv97O0YHCfEg"',
22 silly registry.get     'x-readtime': '184' } ]
23 silly addNameRange number 2 { name: 'supervisor', range: '*', hasData: true }
24 silly addNameRange versions [ 'supervisor',
24 silly addNameRange   [ '0.11.0',
24 silly addNameRange     '0.10.0',
24 silly addNameRange     '0.9.1',
24 silly addNameRange     '0.9.0',
24 silly addNameRange     '0.8.0',
24 silly addNameRange     '0.7.1',
24 silly addNameRange     '0.7.0',
24 silly addNameRange     '0.6.0',
24 silly addNameRange     '0.5.7',
24 silly addNameRange     '0.5.6',
24 silly addNameRange     '0.5.5',
24 silly addNameRange     '0.5.4',
24 silly addNameRange     '0.5.3',
24 silly addNameRange     '0.5.2',
24 silly addNameRange     '0.5.1',
24 silly addNameRange     '0.5.0',
24 silly addNameRange     '0.4.1',
24 silly addNameRange     '0.4.0',
24 silly addNameRange     '0.3.6',
24 silly addNameRange     '0.3.5',
24 silly addNameRange     '0.3.4',
24 silly addNameRange     '0.3.3',
24 silly addNameRange     '0.3.2',
24 silly addNameRange     '0.3.1',
24 silly addNameRange     '0.3.0',
24 silly addNameRange     '0.2.0',
24 silly addNameRange     '0.1.3',
24 silly addNameRange     '0.1.2',
24 silly addNameRange     '0.1.1',
24 silly addNameRange     '0.0.5',
24 silly addNameRange     '0.0.6',
24 silly addNameRange     '0.1.0',
24 silly addNameRange     '0.0.4' ] ]
25 verbose addNamed [ 'supervisor', '0.11.0' ]
26 verbose addNamed [ '0.11.0', '0.11.0' ]
27 silly lockFile d6c3feeb-supervisor-0-11-0 supervisor@0.11.0
28 verbose lock supervisor@0.11.0 /home/gladysyang/.npm/d6c3feeb-supervisor-0-11-0.lock
29 silly lockFile d6c3feeb-supervisor-0-11-0 supervisor@0.11.0
30 silly lockFile d6c3feeb-supervisor-0-11-0 supervisor@0.11.0
31 silly lockFile b28163ae-supervisor supervisor@
32 silly lockFile b28163ae-supervisor supervisor@
33 silly resolved [ { name: 'supervisor',
33 silly resolved     version: '0.11.0',
33 silly resolved     description: 'A supervisor program for running nodejs programs',
33 silly resolved     author: { name: 'Isaac Z. Schlueter', email: 'i@izs.me' },
33 silly resolved     license: 'MIT',
33 silly resolved     contributors:
33 silly resolved      [ [Object],
33 silly resolved        [Object],
33 silly resolved        [Object],
33 silly resolved        [Object],
33 silly resolved        [Object],
33 silly resolved        [Object],
33 silly resolved        [Object],
33 silly resolved        [Object],
33 silly resolved        [Object],
33 silly resolved        [Object],
33 silly resolved        [Object],
33 silly resolved        [Object],
33 silly resolved        [Object],
33 silly resolved        [Object],
33 silly resolved        [Object],
33 silly resolved        [Object],
33 silly resolved        [Object],
33 silly resolved        [Object],
33 silly resolved        [Object],
33 silly resolved        [Object],
33 silly resolved        [Object],
33 silly resolved        [Object],
33 silly resolved        [Object],
33 silly resolved        [Object],
33 silly resolved        [Object],
33 silly resolved        [Object],
33 silly resolved        [Object] ],
33 silly resolved     repository:
33 silly resolved      { type: 'git',
33 silly resolved        url: 'git://github.com/petruisfan/node-supervisor.git' },
33 silly resolved     bugs: { url: 'https://github.com/petruisfan/node-supervisor/issues' },
33 silly resolved     homepage: 'https://github.com/petruisfan/node-supervisor/',
33 silly resolved     main: 'lib/supervisor.js',
33 silly resolved     bin:
33 silly resolved      { 'node-supervisor': 'lib/cli-wrapper.js',
33 silly resolved        supervisor: 'lib/cli-wrapper.js' },
33 silly resolved     engines: { node: '>=0.6.0' },
33 silly resolved     scripts: { test: './node_modules/nodeunit/bin/nodeunit test/*.test.js' },
33 silly resolved     preferGlobal: true,
33 silly resolved     devDependencies: { nodeunit: '~0.9.0' },
33 silly resolved     gitHead: 'f22006a038d3c43a81da02bc8ca6b8d868afddfe',
33 silly resolved     _id: 'supervisor@0.11.0',
33 silly resolved     _shasum: '3fa869e09c57855aff7128a996d414f4af867d8a',
33 silly resolved     _from: 'supervisor@',
33 silly resolved     _npmVersion: '3.9.5',
33 silly resolved     _nodeVersion: '6.1.0',
33 silly resolved     _npmUser: { name: 'petruisfan', email: 'petru.isfan@gmail.com' },
33 silly resolved     dist:
33 silly resolved      { shasum: '3fa869e09c57855aff7128a996d414f4af867d8a',
33 silly resolved        tarball: 'https://registry.npmjs.org/supervisor/-/supervisor-0.11.0.tgz' },
33 silly resolved     maintainers: [ [Object], [Object], [Object] ],
33 silly resolved     _npmOperationalInternal:
33 silly resolved      { host: 'packages-16-east.internal.npmjs.com',
33 silly resolved        tmp: 'tmp/supervisor-0.11.0.tgz_1465185206185_0.45687873754650354' },
33 silly resolved     directories: {},
33 silly resolved     _resolved: 'https://registry.npmjs.org/supervisor/-/supervisor-0.11.0.tgz',
33 silly resolved     readme: 'ERROR: No README data found!' } ]
34 info install supervisor@0.11.0 into /usr/local/lib
35 info installOne supervisor@0.11.0
36 info /usr/local/lib/node_modules/supervisor unbuild
37 verbose tar unpack /home/gladysyang/.npm/supervisor/0.11.0/package.tgz
38 silly lockFile 108aea87-ocal-lib-node-modules-supervisor tar:///usr/local/lib/node_modules/supervisor
39 verbose lock tar:///usr/local/lib/node_modules/supervisor /home/gladysyang/.npm/108aea87-ocal-lib-node-modules-supervisor.lock
40 silly lockFile e2f550c6-pm-supervisor-0-11-0-package-tgz tar:///home/gladysyang/.npm/supervisor/0.11.0/package.tgz
41 verbose lock tar:///home/gladysyang/.npm/supervisor/0.11.0/package.tgz /home/gladysyang/.npm/e2f550c6-pm-supervisor-0-11-0-package-tgz.lock
42 silly gunzTarPerm modes [ '755', '644' ]
43 error Error: EACCES, mkdir '/usr/local/lib/node_modules/supervisor'
43 error  { [Error: EACCES, mkdir '/usr/local/lib/node_modules/supervisor']
43 error   errno: 3,
43 error   code: 'EACCES',
43 error   path: '/usr/local/lib/node_modules/supervisor',
43 error   fstream_type: 'Directory',
43 error   fstream_path: '/usr/local/lib/node_modules/supervisor',
43 error   fstream_class: 'DirWriter',
43 error   fstream_stack:
43 error    [ '/usr/lib/nodejs/fstream/lib/dir-writer.js:36:23',
43 error      '/usr/lib/nodejs/mkdirp/index.js:37:53',
43 error      'Object.oncomplete (fs.js:107:15)' ] }
44 error Please try running this command again as root/Administrator.
45 error System Linux 3.13.0-32-generic
46 error command "/usr/bin/nodejs" "/usr/bin/npm" "install" "-g" "supervisor"
47 error cwd /home/gladysyang/exercise/blog/bin
48 error node -v v0.10.25
49 error npm -v 1.3.10
50 error path /usr/local/lib/node_modules/supervisor
51 error fstream_path /usr/local/lib/node_modules/supervisor
52 error fstream_type Directory
53 error fstream_class DirWriter
54 error code EACCES
55 error errno 3
56 error stack Error: EACCES, mkdir '/usr/local/lib/node_modules/supervisor'
57 error fstream_stack /usr/lib/nodejs/fstream/lib/dir-writer.js:36:23
57 error fstream_stack /usr/lib/nodejs/mkdirp/index.js:37:53
57 error fstream_stack Object.oncomplete (fs.js:107:15)
58 verbose exit [ 3, true ]
